******************************************************************
*                     Map NH, version 1.1.1                      *
* Authors: J. Dutheil                       Created on  09/12/10 *
*          B. Boussau                       Modif. 17/12/11      *
*          L. Guéguen                       Last Modif. 24/11/14 *
******************************************************************

Parsing options:
Parsing file /home/saurabh/Softwares/selection/mapnh/Buchnera7a/Buchnera7a_simulations/map_dNdS_per_branch_Buchnera7a_simul.bpp for options.
Parsing file /home/saurabh/Softwares/selection/mapnh/Buchnera7a/Buchnera7a_simulations/Buchnera7a_seq_simul_eBranchesEq_eOmegaHigher_eGCLess.params for options.
Alphabet type .........................: Codon(letter=DNA)
Genetic Code...........................: Standard
Sequence file .........................: /home/saurabh/Softwares/selection/mapnh/Buchnera7a/Buchnera7a_simulations/Buchnera7a_seq_simul_eBranchesEq_eOmegaHigher_eGCLess.fa
Sequence format .......................: FASTA file
Sites to use...........................: all
Remove Stop Codons.....................: no
Number of sequences....................: 7
Number of sites........................: 2000
Input tree file .......................: /home/saurabh/Softwares/selection/mapnh/Buchnera7a/Buchnera7a_simulations/Buchnera7a_seq_simul_eBranchesEq_eOmegaHigher_eGCLess.dnd
Input tree format .....................: Newick
Number of leaves.......................: 7
WARNING!!! Parameter output.tree_with_id.file not specified. Default used instead: none
Heterogeneous model....................: general
Number of distinct models..............: 2
StopCodon frequencies distribution ....: quadratic
StopCodon frequencies distribution ....: quadratic
Parameter found........................: 1_Full.theta=0.613808
Parameter found........................: 1_Full.theta1=0.608748
Parameter found........................: 1_Full.theta2=0.608246
Parameter found........................: 2_Full.theta=0.396843
Parameter found........................: 2_Full.theta1=0.433433
Parameter found........................: 2_Full.theta2=0.438352
Parameter found........................: 3_Full.theta=0.686708
Parameter found........................: 3_Full.theta1=0.405735
Parameter found........................: 3_Full.theta2=0.50456
Root frequencies ......................: F3X4
Stationarity assumed...................: no
StopCodon frequencies distribution ....: quadratic
Substitution model.....................: YN98
Frequencies Initialization for model...: None
Parameter found........................: YN98.kappa_1=1.919
Parameter found........................: YN98.omega_1=0.0377038
Parameter found........................: YN98.1_Full.theta_1=0.491278
Parameter found........................: YN98.1_Full.theta1_1=0.593546
Parameter found........................: YN98.1_Full.theta2_1=0.558918
Parameter found........................: YN98.2_Full.theta_1=0.415662
Parameter found........................: YN98.2_Full.theta1_1=0.564152
Parameter found........................: YN98.2_Full.theta2_1=0.387231
Parameter found........................: YN98.3_Full.theta_1=0.586043
Parameter found........................: YN98.3_Full.theta1_1=0.364098
Parameter found........................: YN98.3_Full.theta2_1=0.466048
Model1 is associated to................: 9 node(s).
StopCodon frequencies distribution ....: quadratic
Substitution model.....................: YN98
Frequencies Initialization for model...: None
Parameter found........................: YN98.kappa_2=2.73026
Parameter found........................: YN98.omega_2=0.125107
Parameter found........................: YN98.1_Full.theta_2=0.241914
Parameter found........................: YN98.1_Full.theta1_2=0.595515
Parameter found........................: YN98.1_Full.theta2_2=0.566411
Parameter found........................: YN98.2_Full.theta_2=0.222341
Parameter found........................: YN98.2_Full.theta1_2=0.581479
Parameter found........................: YN98.2_Full.theta2_2=0.374973
Parameter found........................: YN98.3_Full.theta_2=0.143998
Parameter found........................: YN98.3_Full.theta1_2=0.47339
Parameter found........................: YN98.3_Full.theta2_2=0.465889
Model2 is associated to................: 3 node(s).
Distribution...........................: Gamma
Number of classes......................: 5
Parameter found........................: Gamma.alpha=1.065
- Category 0 (Pr = 0.2) rate...........: 0.118939
- Category 1 (Pr = 0.2) rate...........: 0.378878
- Category 2 (Pr = 0.2) rate...........: 0.716422
- Category 3 (Pr = 0.2) rate...........: 1.22704
- Category 4 (Pr = 0.2) rate...........: 2.55872
Rate distribution......................: Gamma
Number of classes......................: 5
Log-Likelihood.........................: -27001.2
Substitution Register..................: DnDs
  * Count type 1.......................: dS
  * Count type 2.......................: dN
null Parameter YN98.omega*.............: 1
WARNING!!! Parameter test.global not specified. Default used instead: 0
WARNING!!! Parameter test.branch not specified. Default used instead: 0
Output counts of type 1 to file........: /home/saurabh/Softwares/selection/mapnh/Buchnera7a/Buchnera7a_simulations/Buchnera7a_seq_simul_eBranchesEq_eOmegaHigher_eGCLess.fa.counts_dS.dnd
Output counts of type 2 to file........: /home/saurabh/Softwares/selection/mapnh/Buchnera7a/Buchnera7a_simulations/Buchnera7a_seq_simul_eBranchesEq_eOmegaHigher_eGCLess.fa.counts_dN.dnd
MapNH's done. Bye.
Total execution time: 0.000000d, 0.000000h, 0.000000m, 18.000000s.
