******************************************************************
*                     Map NH, version 1.1.1                      *
* Authors: J. Dutheil                       Created on  09/12/10 *
*          B. Boussau                       Modif. 17/12/11      *
*          L. Guéguen                       Last Modif. 24/11/14 *
******************************************************************

Parsing options:
Parsing file /home/saurabh/Softwares/selection/mapnh/Buchnera7a/Buchnera7a_simulations/map_dNdS_per_branch_Buchnera7a_simul.bpp for options.
Parsing file /home/saurabh/Softwares/selection/mapnh/Buchnera7a/Buchnera7a_simulations/Buchnera7a_seq_simul_eBranchesLonger_eOmegaSmaller2_eGCLess.params for options.
Alphabet type .........................: Codon(letter=DNA)
Genetic Code...........................: Standard
Sequence file .........................: /home/saurabh/Softwares/selection/mapnh/Buchnera7a/Buchnera7a_simulations/Buchnera7a_seq_simul_eBranchesLonger_eOmegaSmaller2_eGCLess.fa
Sequence format .......................: FASTA file
Sites to use...........................: all
Remove Stop Codons.....................: no
Number of sequences....................: 7
Number of sites........................: 2000
Input tree file .......................: /home/saurabh/Softwares/selection/mapnh/Buchnera7a/Buchnera7a_simulations/Buchnera7a_seq_simul_eBranchesLonger_eOmegaSmaller2_eGCLess.dnd
Input tree format .....................: Newick
Number of leaves.......................: 7
WARNING!!! Parameter output.tree_with_id.file not specified. Default used instead: none
Heterogeneous model....................: general
Number of distinct models..............: 2
StopCodon frequencies distribution ....: quadratic
StopCodon frequencies distribution ....: quadratic
Parameter found........................: 1_Full.theta=0.606814
Parameter found........................: 1_Full.theta1=0.600381
Parameter found........................: 1_Full.theta2=0.597161
Parameter found........................: 2_Full.theta=0.393672
Parameter found........................: 2_Full.theta1=0.469112
Parameter found........................: 2_Full.theta2=0.479289
Parameter found........................: 3_Full.theta=0.703664
Parameter found........................: 3_Full.theta1=0.415797
Parameter found........................: 3_Full.theta2=0.503118
Root frequencies ......................: F3X4
Stationarity assumed...................: no
StopCodon frequencies distribution ....: quadratic
Substitution model.....................: YN98
Frequencies Initialization for model...: None
Parameter found........................: YN98.kappa_1=2.06819
Parameter found........................: YN98.omega_1=0.0470639
Parameter found........................: YN98.1_Full.theta_1=0.501884
Parameter found........................: YN98.1_Full.theta1_1=0.622335
Parameter found........................: YN98.1_Full.theta2_1=0.593621
Parameter found........................: YN98.2_Full.theta_1=0.438464
Parameter found........................: YN98.2_Full.theta1_1=0.538399
Parameter found........................: YN98.2_Full.theta2_1=0.394076
Parameter found........................: YN98.3_Full.theta_1=0.573719
Parameter found........................: YN98.3_Full.theta1_1=0.375943
Parameter found........................: YN98.3_Full.theta2_1=0.458665
Model1 is associated to................: 9 node(s).
StopCodon frequencies distribution ....: quadratic
Substitution model.....................: YN98
Frequencies Initialization for model...: None
Parameter found........................: YN98.kappa_2=2.74001
Parameter found........................: YN98.omega_2=0.00626333
Parameter found........................: YN98.1_Full.theta_2=0.240499
Parameter found........................: YN98.1_Full.theta1_2=0.590765
Parameter found........................: YN98.1_Full.theta2_2=0.585658
Parameter found........................: YN98.2_Full.theta_2=0.230045
Parameter found........................: YN98.2_Full.theta1_2=0.537185
Parameter found........................: YN98.2_Full.theta2_2=0.336219
Parameter found........................: YN98.3_Full.theta_2=0.125015
Parameter found........................: YN98.3_Full.theta1_2=0.469918
Parameter found........................: YN98.3_Full.theta2_2=0.470255
Model2 is associated to................: 3 node(s).
Distribution...........................: Gamma
Number of classes......................: 5
Parameter found........................: Gamma.alpha=1.06379
- Category 0 (Pr = 0.2) rate...........: 0.118726
- Category 1 (Pr = 0.2) rate...........: 0.37854
- Category 2 (Pr = 0.2) rate...........: 0.716129
- Category 3 (Pr = 0.2) rate...........: 1.22698
- Category 4 (Pr = 0.2) rate...........: 2.55963
Rate distribution......................: Gamma
Number of classes......................: 5
Log-Likelihood.........................: -32898.4
Substitution Register..................: DnDs
  * Count type 1.......................: dS
  * Count type 2.......................: dN
null Parameter YN98.omega*.............: 1
WARNING!!! Parameter test.global not specified. Default used instead: 0
WARNING!!! Parameter test.branch not specified. Default used instead: 0
Output counts of type 1 to file........: /home/saurabh/Softwares/selection/mapnh/Buchnera7a/Buchnera7a_simulations/Buchnera7a_seq_simul_eBranchesLonger_eOmegaSmaller2_eGCLess.fa.counts_dS.dnd
Output counts of type 2 to file........: /home/saurabh/Softwares/selection/mapnh/Buchnera7a/Buchnera7a_simulations/Buchnera7a_seq_simul_eBranchesLonger_eOmegaSmaller2_eGCLess.fa.counts_dN.dnd
MapNH's done. Bye.
Total execution time: 0.000000d, 0.000000h, 0.000000m, 58.000000s.
