******************************************************************
*                     Map NH, version 1.1.1                      *
* Authors: J. Dutheil                       Created on  09/12/10 *
*          B. Boussau                       Modif. 17/12/11      *
*          L. Guéguen                       Last Modif. 24/11/14 *
******************************************************************

Parsing options:
Parsing file /home/saurabh/Softwares/selection/mapnh/Buchnera7a/Buchnera7a_simulations/map_dNdS_per_branch_Buchnera7a_simul.bpp for options.
Parsing file /home/saurabh/Softwares/selection/mapnh/Buchnera7a/Buchnera7a_simulations/Buchnera7a_seq_simul_eBranchesEst_eOmegaHigher_eGCLess.params for options.
Alphabet type .........................: Codon(letter=DNA)
Genetic Code...........................: Standard
Sequence file .........................: /home/saurabh/Softwares/selection/mapnh/Buchnera7a/Buchnera7a_simulations/Buchnera7a_seq_simul_eBranchesEst_eOmegaHigher_eGCLess.fa
Sequence format .......................: FASTA file
Sites to use...........................: all
Remove Stop Codons.....................: no
Number of sequences....................: 7
Number of sites........................: 2000
Input tree file .......................: /home/saurabh/Softwares/selection/mapnh/Buchnera7a/Buchnera7a_simulations/Buchnera7a_seq_simul_eBranchesEst_eOmegaHigher_eGCLess.dnd
Input tree format .....................: Newick
Number of leaves.......................: 7
WARNING!!! Parameter output.tree_with_id.file not specified. Default used instead: none
Heterogeneous model....................: general
Number of distinct models..............: 2
StopCodon frequencies distribution ....: quadratic
StopCodon frequencies distribution ....: quadratic
Parameter found........................: 1_Full.theta=0.587304
Parameter found........................: 1_Full.theta1=0.612559
Parameter found........................: 1_Full.theta2=0.577588
Parameter found........................: 2_Full.theta=0.39468
Parameter found........................: 2_Full.theta1=0.473978
Parameter found........................: 2_Full.theta2=0.419824
Parameter found........................: 3_Full.theta=0.69449
Parameter found........................: 3_Full.theta1=0.426324
Parameter found........................: 3_Full.theta2=0.472096
Root frequencies ......................: F3X4
Stationarity assumed...................: no
StopCodon frequencies distribution ....: quadratic
Substitution model.....................: YN98
Frequencies Initialization for model...: None
Parameter found........................: YN98.kappa_1=2.00276
Parameter found........................: YN98.omega_1=0.0392798
Parameter found........................: YN98.1_Full.theta_1=0.524742
Parameter found........................: YN98.1_Full.theta1_1=0.590352
Parameter found........................: YN98.1_Full.theta2_1=0.608461
Parameter found........................: YN98.2_Full.theta_1=0.416813
Parameter found........................: YN98.2_Full.theta1_1=0.563269
Parameter found........................: YN98.2_Full.theta2_1=0.383129
Parameter found........................: YN98.3_Full.theta_1=0.583239
Parameter found........................: YN98.3_Full.theta1_1=0.356094
Parameter found........................: YN98.3_Full.theta2_1=0.437888
Model1 is associated to................: 9 node(s).
StopCodon frequencies distribution ....: quadratic
Substitution model.....................: YN98
Frequencies Initialization for model...: None
Parameter found........................: YN98.kappa_2=3.08988
Parameter found........................: YN98.omega_2=0.147464
Parameter found........................: YN98.1_Full.theta_2=0.261016
Parameter found........................: YN98.1_Full.theta1_2=0.606633
Parameter found........................: YN98.1_Full.theta2_2=0.589035
Parameter found........................: YN98.2_Full.theta_2=0.233233
Parameter found........................: YN98.2_Full.theta1_2=0.53926
Parameter found........................: YN98.2_Full.theta2_2=0.334294
Parameter found........................: YN98.3_Full.theta_2=0.137629
Parameter found........................: YN98.3_Full.theta1_2=0.483685
Parameter found........................: YN98.3_Full.theta2_2=0.496394
Model2 is associated to................: 3 node(s).
Distribution...........................: Gamma
Number of classes......................: 5
Parameter found........................: Gamma.alpha=1.05199
- Category 0 (Pr = 0.2) rate...........: 0.116652
- Category 1 (Pr = 0.2) rate...........: 0.37523
- Category 2 (Pr = 0.2) rate...........: 0.713258
- Category 3 (Pr = 0.2) rate...........: 1.22634
- Category 4 (Pr = 0.2) rate...........: 2.56852
Rate distribution......................: Gamma
Number of classes......................: 5
Log-Likelihood.........................: -33438.1
Substitution Register..................: DnDs
  * Count type 1.......................: dS
  * Count type 2.......................: dN
null Parameter YN98.omega*.............: 1
WARNING!!! Parameter test.global not specified. Default used instead: 0
WARNING!!! Parameter test.branch not specified. Default used instead: 0
Output counts of type 1 to file........: /home/saurabh/Softwares/selection/mapnh/Buchnera7a/Buchnera7a_simulations/Buchnera7a_seq_simul_eBranchesEst_eOmegaHigher_eGCLess.fa.counts_dS.dnd
Output counts of type 2 to file........: /home/saurabh/Softwares/selection/mapnh/Buchnera7a/Buchnera7a_simulations/Buchnera7a_seq_simul_eBranchesEst_eOmegaHigher_eGCLess.fa.counts_dN.dnd
MapNH's done. Bye.
Total execution time: 0.000000d, 0.000000h, 0.000000m, 28.000000s.
