******************************************************************
*                     Map NH, version 1.1.1                      *
* Authors: J. Dutheil                       Created on  09/12/10 *
*          B. Boussau                       Modif. 17/12/11      *
*          L. Guéguen                       Last Modif. 24/11/14 *
******************************************************************

Parsing options:
Parsing file /home/saurabh/Softwares/selection/mapnh/Buchnera7a/Buchnera7a_simulations/map_dNdS_per_branch_Buchnera7a_simul.bpp for options.
Parsing file /home/saurabh/Softwares/selection/mapnh/Buchnera7a/Buchnera7a_simulations/Buchnera7a_seq_simul_eBranchesEq_eOmegaSmaller2_eGCLess.params for options.
Alphabet type .........................: Codon(letter=DNA)
Genetic Code...........................: Standard
Sequence file .........................: /home/saurabh/Softwares/selection/mapnh/Buchnera7a/Buchnera7a_simulations/Buchnera7a_seq_simul_eBranchesEq_eOmegaSmaller2_eGCLess.fa
Sequence format .......................: FASTA file
Sites to use...........................: all
Remove Stop Codons.....................: no
Number of sequences....................: 7
Number of sites........................: 2000
Input tree file .......................: /home/saurabh/Softwares/selection/mapnh/Buchnera7a/Buchnera7a_simulations/Buchnera7a_seq_simul_eBranchesEq_eOmegaSmaller2_eGCLess.dnd
Input tree format .....................: Newick
Number of leaves.......................: 7
WARNING!!! Parameter output.tree_with_id.file not specified. Default used instead: none
Heterogeneous model....................: general
Number of distinct models..............: 2
StopCodon frequencies distribution ....: quadratic
StopCodon frequencies distribution ....: quadratic
Parameter found........................: 1_Full.theta=0.613713
Parameter found........................: 1_Full.theta1=0.608732
Parameter found........................: 1_Full.theta2=0.608221
Parameter found........................: 2_Full.theta=0.396836
Parameter found........................: 2_Full.theta1=0.433519
Parameter found........................: 2_Full.theta2=0.438243
Parameter found........................: 3_Full.theta=0.686355
Parameter found........................: 3_Full.theta1=0.405674
Parameter found........................: 3_Full.theta2=0.504341
Root frequencies ......................: F3X4
Stationarity assumed...................: no
StopCodon frequencies distribution ....: quadratic
Substitution model.....................: YN98
Frequencies Initialization for model...: None
Parameter found........................: YN98.kappa_1=1.88984
Parameter found........................: YN98.omega_1=0.0385579
Parameter found........................: YN98.1_Full.theta_1=0.491629
Parameter found........................: YN98.1_Full.theta1_1=0.595159
Parameter found........................: YN98.1_Full.theta2_1=0.564757
Parameter found........................: YN98.2_Full.theta_1=0.418921
Parameter found........................: YN98.2_Full.theta1_1=0.561272
Parameter found........................: YN98.2_Full.theta2_1=0.392559
Parameter found........................: YN98.3_Full.theta_1=0.585988
Parameter found........................: YN98.3_Full.theta1_1=0.364885
Parameter found........................: YN98.3_Full.theta2_1=0.46831
Model1 is associated to................: 9 node(s).
StopCodon frequencies distribution ....: quadratic
Substitution model.....................: YN98
Frequencies Initialization for model...: None
Parameter found........................: YN98.kappa_2=3.30943
Parameter found........................: YN98.omega_2=0.00660476
Parameter found........................: YN98.1_Full.theta_2=0.240704
Parameter found........................: YN98.1_Full.theta1_2=0.639413
Parameter found........................: YN98.1_Full.theta2_2=0.586591
Parameter found........................: YN98.2_Full.theta_2=0.253645
Parameter found........................: YN98.2_Full.theta1_2=0.499944
Parameter found........................: YN98.2_Full.theta2_2=0.355337
Parameter found........................: YN98.3_Full.theta_2=0.14055
Parameter found........................: YN98.3_Full.theta1_2=0.492791
Parameter found........................: YN98.3_Full.theta2_2=0.525845
Model2 is associated to................: 3 node(s).
Distribution...........................: Gamma
Number of classes......................: 5
Parameter found........................: Gamma.alpha=1.08977
- Category 0 (Pr = 0.2) rate...........: 0.123268
- Category 1 (Pr = 0.2) rate...........: 0.385678
- Category 2 (Pr = 0.2) rate...........: 0.722261
- Category 3 (Pr = 0.2) rate...........: 1.22826
- Category 4 (Pr = 0.2) rate...........: 2.54054
Rate distribution......................: Gamma
Number of classes......................: 5
Log-Likelihood.........................: -24408.1
Substitution Register..................: DnDs
  * Count type 1.......................: dS
  * Count type 2.......................: dN
null Parameter YN98.omega*.............: 1
WARNING!!! Parameter test.global not specified. Default used instead: 0
WARNING!!! Parameter test.branch not specified. Default used instead: 0
Output counts of type 1 to file........: /home/saurabh/Softwares/selection/mapnh/Buchnera7a/Buchnera7a_simulations/Buchnera7a_seq_simul_eBranchesEq_eOmegaSmaller2_eGCLess.fa.counts_dS.dnd
Output counts of type 2 to file........: /home/saurabh/Softwares/selection/mapnh/Buchnera7a/Buchnera7a_simulations/Buchnera7a_seq_simul_eBranchesEq_eOmegaSmaller2_eGCLess.fa.counts_dN.dnd
MapNH's done. Bye.
Total execution time: 0.000000d, 0.000000h, 0.000000m, 14.000000s.
