******************************************************************
*                     Map NH, version 1.1.1                      *
* Authors: J. Dutheil                       Created on  09/12/10 *
*          B. Boussau                       Modif. 17/12/11      *
*          L. Guéguen                       Last Modif. 24/11/14 *
******************************************************************

Parsing options:
Parsing file /home/saurabh/Softwares/selection/mapnh/Buchnera7a/Buchnera7a_simulations/map_dNdS_per_branch_Buchnera7a_simul.bpp for options.
Parsing file /home/saurabh/Softwares/selection/mapnh/Buchnera7a/Buchnera7a_simulations/Buchnera7a_seq_simul_eBranchesEst_eOmegaSmaller_eGCLess.params for options.
Alphabet type .........................: Codon(letter=DNA)
Genetic Code...........................: Standard
Sequence file .........................: /home/saurabh/Softwares/selection/mapnh/Buchnera7a/Buchnera7a_simulations/Buchnera7a_seq_simul_eBranchesEst_eOmegaSmaller_eGCLess.fa
Sequence format .......................: FASTA file
Sites to use...........................: all
Remove Stop Codons.....................: no
Number of sequences....................: 7
Number of sites........................: 2000
Input tree file .......................: /home/saurabh/Softwares/selection/mapnh/Buchnera7a/Buchnera7a_simulations/Buchnera7a_seq_simul_eBranchesEst_eOmegaSmaller_eGCLess.dnd
Input tree format .....................: Newick
Number of leaves.......................: 7
WARNING!!! Parameter output.tree_with_id.file not specified. Default used instead: none
Heterogeneous model....................: general
Number of distinct models..............: 2
StopCodon frequencies distribution ....: quadratic
StopCodon frequencies distribution ....: quadratic
Parameter found........................: 1_Full.theta=0.587224
Parameter found........................: 1_Full.theta1=0.612462
Parameter found........................: 1_Full.theta2=0.577582
Parameter found........................: 2_Full.theta=0.394748
Parameter found........................: 2_Full.theta1=0.474147
Parameter found........................: 2_Full.theta2=0.419704
Parameter found........................: 3_Full.theta=0.693722
Parameter found........................: 3_Full.theta1=0.425438
Parameter found........................: 3_Full.theta2=0.472977
Root frequencies ......................: F3X4
Stationarity assumed...................: no
StopCodon frequencies distribution ....: quadratic
Substitution model.....................: YN98
Frequencies Initialization for model...: None
Parameter found........................: YN98.kappa_1=1.98561
Parameter found........................: YN98.omega_1=0.0392789
Parameter found........................: YN98.1_Full.theta_1=0.521458
Parameter found........................: YN98.1_Full.theta1_1=0.594811
Parameter found........................: YN98.1_Full.theta2_1=0.610446
Parameter found........................: YN98.2_Full.theta_1=0.418411
Parameter found........................: YN98.2_Full.theta1_1=0.554529
Parameter found........................: YN98.2_Full.theta2_1=0.394916
Parameter found........................: YN98.3_Full.theta_1=0.579862
Parameter found........................: YN98.3_Full.theta1_1=0.353222
Parameter found........................: YN98.3_Full.theta2_1=0.432017
Model1 is associated to................: 9 node(s).
StopCodon frequencies distribution ....: quadratic
Substitution model.....................: YN98
Frequencies Initialization for model...: None
Parameter found........................: YN98.kappa_2=2.46809
Parameter found........................: YN98.omega_2=0.00376218
Parameter found........................: YN98.1_Full.theta_2=0.250755
Parameter found........................: YN98.1_Full.theta1_2=0.590325
Parameter found........................: YN98.1_Full.theta2_2=0.617515
Parameter found........................: YN98.2_Full.theta_2=0.246234
Parameter found........................: YN98.2_Full.theta1_2=0.570451
Parameter found........................: YN98.2_Full.theta2_2=0.347276
Parameter found........................: YN98.3_Full.theta_2=0.128962
Parameter found........................: YN98.3_Full.theta1_2=0.472667
Parameter found........................: YN98.3_Full.theta2_2=0.520753
Model2 is associated to................: 3 node(s).
Distribution...........................: Gamma
Number of classes......................: 5
Parameter found........................: Gamma.alpha=1.02966
- Category 0 (Pr = 0.2) rate...........: 0.112706
- Category 1 (Pr = 0.2) rate...........: 0.368842
- Category 2 (Pr = 0.2) rate...........: 0.707664
- Category 3 (Pr = 0.2) rate...........: 1.22506
- Category 4 (Pr = 0.2) rate...........: 2.58573
Rate distribution......................: Gamma
Number of classes......................: 5
Log-Likelihood.........................: -28871
Substitution Register..................: DnDs
  * Count type 1.......................: dS
  * Count type 2.......................: dN
null Parameter YN98.omega*.............: 1
WARNING!!! Parameter test.global not specified. Default used instead: 0
WARNING!!! Parameter test.branch not specified. Default used instead: 0
Output counts of type 1 to file........: /home/saurabh/Softwares/selection/mapnh/Buchnera7a/Buchnera7a_simulations/Buchnera7a_seq_simul_eBranchesEst_eOmegaSmaller_eGCLess.fa.counts_dS.dnd
Output counts of type 2 to file........: /home/saurabh/Softwares/selection/mapnh/Buchnera7a/Buchnera7a_simulations/Buchnera7a_seq_simul_eBranchesEst_eOmegaSmaller_eGCLess.fa.counts_dN.dnd
MapNH's done. Bye.
Total execution time: 0.000000d, 0.000000h, 0.000000m, 46.000000s.
