******************************************************************
*            Bio++ Sequence Generator, version 2.4.0             *
*                                                                *
* Authors: J. Dutheil                                            *
*          B. Boussau                       Last Modif. 19/02/18 *
*          L. Gueguen                                            *
*          M. Groussin                                           *
******************************************************************

Parsing options:
Parsing file /media/saurabh/Data/Softwares/selection/mapnh/Buchnera7a/Buchnera7a_simulations_new/Buchnera7a_seq_simul_M8_eOmegaHigher_eGCLess.bpp for options.
Alphabet type .........................: Codon(letter=DNA)
Genetic Code...........................: Standard
WARNING!!! Parameter input.tree.method not specified. Default used instead: single
Input tree file .......................: /media/saurabh/Data/Softwares/selection/mapnh/Buchnera7a/Buchnera7a_simul_intree_eBranchesEst.newick
Input tree format .....................: Newick
Number of leaves.......................: 7
WARNING!!! Parameter output.tree_ids.file not specified. Default used instead: none
WARNING!!! Parameter input.tree.scale not specified. Default used instead: 1
Heterogeneous model....................: general
Number of distinct models..............: 2
StopCodon frequencies distribution ....: quadratic
StopCodon frequencies distribution ....: quadratic
Parameter found........................: 1_Full.theta=0.61
Parameter found........................: 1_Full.theta1=0.61
Parameter found........................: 1_Full.theta2=0.59
Parameter found........................: 2_Full.theta=0.39
Parameter found........................: 2_Full.theta1=0.48
Parameter found........................: 2_Full.theta2=0.45
Parameter found........................: 3_Full.theta=0.69
Parameter found........................: 3_Full.theta1=0.4
Parameter found........................: 3_Full.theta2=0.5
Root frequencies ......................: F3X4
Stationarity assumed...................: no
StopCodon frequencies distribution ....: quadratic
Number of classes in model.............: 4
Substitution model.....................: YNGP_M7
Frequencies Initialization for model...: None
Parameter found........................: YNGP_M7.1_Full.theta_1=0.5
Parameter found........................: YNGP_M7.1_Full.theta1_1=0.62
Parameter found........................: YNGP_M7.1_Full.theta2_1=0.59
Parameter found........................: YNGP_M7.2_Full.theta_1=0.44
Parameter found........................: YNGP_M7.2_Full.theta1_1=0.55
Parameter found........................: YNGP_M7.2_Full.theta2_1=0.39
Parameter found........................: YNGP_M7.3_Full.theta_1=0.58
Parameter found........................: YNGP_M7.3_Full.theta1_1=0.37
Parameter found........................: YNGP_M7.3_Full.theta2_1=0.45
Parameter found........................: YNGP_M7.kappa_1=2.01
WARNING!!! Parameter YNGP_M7.p not specified. Default used instead: 2
Parameter found........................: YNGP_M7.p_1=2
WARNING!!! Parameter YNGP_M7.q not specified. Default used instead: 2
Parameter found........................: YNGP_M7.q_1=2
Model1 is associated to................: 9 node(s).
StopCodon frequencies distribution ....: quadratic
Number of classes in model.............: 4
Substitution model.....................: YNGP_M7
Frequencies Initialization for model...: None
Parameter found........................: YNGP_M7.1_Full.theta_2=0.25
Parameter found........................: YNGP_M7.1_Full.theta1_2=0.6
Parameter found........................: YNGP_M7.1_Full.theta2_2=0.59
Parameter found........................: YNGP_M7.2_Full.theta_2=0.24
Parameter found........................: YNGP_M7.2_Full.theta1_2=0.54
Parameter found........................: YNGP_M7.2_Full.theta2_2=0.34
Parameter found........................: YNGP_M7.3_Full.theta_2=0.13
Parameter found........................: YNGP_M7.3_Full.theta1_2=0.47
Parameter found........................: YNGP_M7.3_Full.theta2_2=0.49
Parameter found........................: YNGP_M7.kappa_2=2.66
WARNING!!! Parameter YNGP_M7.p not specified. Default used instead: 2
Parameter found........................: YNGP_M7.p_2=2
WARNING!!! Parameter YNGP_M7.q not specified. Default used instead: 2
Parameter found........................: YNGP_M7.q_2=2
Model2 is associated to................: 3 node(s).
Number of distinct paths...............: 0
Non-homogeneous mixed substitution sequence generation not implemented, sorry!
