******************************************************************
*                     Map NH, version 1.1.1                      *
* Authors: J. Dutheil                       Created on  09/12/10 *
*          B. Boussau                       Modif. 17/12/11      *
*          L. Guéguen                       Last Modif. 24/11/14 *
******************************************************************

Parsing options:
Parsing file /home/saurabh/Softwares/selection/mapnh/Buchnera7a/Buchnera7a_simulations/map_dNdS_per_branch_Buchnera7a_simul.bpp for options.
Parsing file /home/saurabh/Softwares/selection/mapnh/Buchnera7a/Buchnera7a_simulations/Buchnera7a_seq_simul_eBranchesLonger_eOmegaHigher_eGCLess.params for options.
Alphabet type .........................: Codon(letter=DNA)
Genetic Code...........................: Standard
Sequence file .........................: /home/saurabh/Softwares/selection/mapnh/Buchnera7a/Buchnera7a_simulations/Buchnera7a_seq_simul_eBranchesLonger_eOmegaHigher_eGCLess.fa
Sequence format .......................: FASTA file
Sites to use...........................: all
Remove Stop Codons.....................: no
Number of sequences....................: 7
Number of sites........................: 2000
Input tree file .......................: /home/saurabh/Softwares/selection/mapnh/Buchnera7a/Buchnera7a_simulations/Buchnera7a_seq_simul_eBranchesLonger_eOmegaHigher_eGCLess.dnd
Input tree format .....................: Newick
Number of leaves.......................: 7
WARNING!!! Parameter output.tree_with_id.file not specified. Default used instead: none
Heterogeneous model....................: general
Number of distinct models..............: 2
StopCodon frequencies distribution ....: quadratic
StopCodon frequencies distribution ....: quadratic
Parameter found........................: 1_Full.theta=0.606789
Parameter found........................: 1_Full.theta1=0.600383
Parameter found........................: 1_Full.theta2=0.597165
Parameter found........................: 2_Full.theta=0.393728
Parameter found........................: 2_Full.theta1=0.469206
Parameter found........................: 2_Full.theta2=0.479304
Parameter found........................: 3_Full.theta=0.702301
Parameter found........................: 3_Full.theta1=0.416103
Parameter found........................: 3_Full.theta2=0.502952
Root frequencies ......................: F3X4
Stationarity assumed...................: no
StopCodon frequencies distribution ....: quadratic
Substitution model.....................: YN98
Frequencies Initialization for model...: None
Parameter found........................: YN98.kappa_1=2.04724
Parameter found........................: YN98.omega_1=0.0497292
Parameter found........................: YN98.1_Full.theta_1=0.502379
Parameter found........................: YN98.1_Full.theta1_1=0.618071
Parameter found........................: YN98.1_Full.theta2_1=0.589568
Parameter found........................: YN98.2_Full.theta_1=0.43707
Parameter found........................: YN98.2_Full.theta1_1=0.527153
Parameter found........................: YN98.2_Full.theta2_1=0.389361
Parameter found........................: YN98.3_Full.theta_1=0.577164
Parameter found........................: YN98.3_Full.theta1_1=0.378109
Parameter found........................: YN98.3_Full.theta2_1=0.459735
Model1 is associated to................: 9 node(s).
StopCodon frequencies distribution ....: quadratic
Substitution model.....................: YN98
Frequencies Initialization for model...: None
Parameter found........................: YN98.kappa_2=2.75387
Parameter found........................: YN98.omega_2=0.0261948
Parameter found........................: YN98.1_Full.theta_2=0.249155
Parameter found........................: YN98.1_Full.theta1_2=0.60319
Parameter found........................: YN98.1_Full.theta2_2=0.591242
Parameter found........................: YN98.2_Full.theta_2=0.240993
Parameter found........................: YN98.2_Full.theta1_2=0.534781
Parameter found........................: YN98.2_Full.theta2_2=0.356445
Parameter found........................: YN98.3_Full.theta_2=0.134399
Parameter found........................: YN98.3_Full.theta1_2=0.461368
Parameter found........................: YN98.3_Full.theta2_2=0.463764
Model2 is associated to................: 3 node(s).
Distribution...........................: Gamma
Number of classes......................: 5
Parameter found........................: Gamma.alpha=1.2358
- Category 0 (Pr = 0.2) rate...........: 0.148045
- Category 1 (Pr = 0.2) rate...........: 0.422247
- Category 2 (Pr = 0.2) rate...........: 0.752417
- Category 3 (Pr = 0.2) rate...........: 1.23314
- Category 4 (Pr = 0.2) rate...........: 2.44415
Rate distribution......................: Gamma
Number of classes......................: 5
Log-Likelihood.........................: -34214
Substitution Register..................: DnDs
  * Count type 1.......................: dS
  * Count type 2.......................: dN
null Parameter YN98.omega*.............: 1
WARNING!!! Parameter test.global not specified. Default used instead: 0
WARNING!!! Parameter test.branch not specified. Default used instead: 0
Output counts of type 1 to file........: /home/saurabh/Softwares/selection/mapnh/Buchnera7a/Buchnera7a_simulations/Buchnera7a_seq_simul_eBranchesLonger_eOmegaHigher_eGCLess.fa.counts_dS.dnd
Output counts of type 2 to file........: /home/saurabh/Softwares/selection/mapnh/Buchnera7a/Buchnera7a_simulations/Buchnera7a_seq_simul_eBranchesLonger_eOmegaHigher_eGCLess.fa.counts_dN.dnd
MapNH's done. Bye.
Total execution time: 0.000000d, 0.000000h, 1.000000m, 33.000000s.
