******************************************************************
*                     Map NH, version 1.1.1                      *
* Authors: J. Dutheil                       Created on  09/12/10 *
*          B. Boussau                       Modif. 17/12/11      *
*          L. Guéguen                       Last Modif. 24/11/14 *
******************************************************************

Parsing options:
Parsing file /home/saurabh/Softwares/selection/mapnh/Buchnera7a/Buchnera7a_simulations/map_dNdS_per_branch_Buchnera7a_simul.bpp for options.
Parsing file /home/saurabh/Softwares/selection/mapnh/Buchnera7a/Buchnera7a_simulations/Buchnera7a_seq_simul_eBranchesLonger_eOmegaEq_eGCLess.params for options.
Alphabet type .........................: Codon(letter=DNA)
Genetic Code...........................: Standard
Sequence file .........................: /home/saurabh/Softwares/selection/mapnh/Buchnera7a/Buchnera7a_simulations/Buchnera7a_seq_simul_eBranchesLonger_eOmegaEq_eGCLess.fa
Sequence format .......................: FASTA file
Sites to use...........................: all
Remove Stop Codons.....................: no
Number of sequences....................: 7
Number of sites........................: 2000
Input tree file .......................: /home/saurabh/Softwares/selection/mapnh/Buchnera7a/Buchnera7a_simulations/Buchnera7a_seq_simul_eBranchesLonger_eOmegaEq_eGCLess.dnd
Input tree format .....................: Newick
Number of leaves.......................: 7
WARNING!!! Parameter output.tree_with_id.file not specified. Default used instead: none
Heterogeneous model....................: general
Number of distinct models..............: 2
StopCodon frequencies distribution ....: quadratic
StopCodon frequencies distribution ....: quadratic
Parameter found........................: 1_Full.theta=0.58751
Parameter found........................: 1_Full.theta1=0.612576
Parameter found........................: 1_Full.theta2=0.577567
Parameter found........................: 2_Full.theta=0.394563
Parameter found........................: 2_Full.theta1=0.473831
Parameter found........................: 2_Full.theta2=0.4198
Parameter found........................: 3_Full.theta=0.698581
Parameter found........................: 3_Full.theta1=0.429456
Parameter found........................: 3_Full.theta2=0.47177
Root frequencies ......................: F3X4
Stationarity assumed...................: no
StopCodon frequencies distribution ....: quadratic
Substitution model.....................: YN98
Frequencies Initialization for model...: None
Parameter found........................: YN98.kappa_1=1.99698
Parameter found........................: YN98.omega_1=0.0398196
Parameter found........................: YN98.1_Full.theta_1=0.522585
Parameter found........................: YN98.1_Full.theta1_1=0.594494
Parameter found........................: YN98.1_Full.theta2_1=0.608564
Parameter found........................: YN98.2_Full.theta_1=0.4214
Parameter found........................: YN98.2_Full.theta1_1=0.561005
Parameter found........................: YN98.2_Full.theta2_1=0.388777
Parameter found........................: YN98.3_Full.theta_1=0.581593
Parameter found........................: YN98.3_Full.theta1_1=0.3559
Parameter found........................: YN98.3_Full.theta2_1=0.436965
Model1 is associated to................: 9 node(s).
StopCodon frequencies distribution ....: quadratic
Substitution model.....................: YN98
Frequencies Initialization for model...: None
Parameter found........................: YN98.kappa_2=2.45636
Parameter found........................: YN98.omega_2=0.0638832
Parameter found........................: YN98.1_Full.theta_2=0.267771
Parameter found........................: YN98.1_Full.theta1_2=0.60752
Parameter found........................: YN98.1_Full.theta2_2=0.57896
Parameter found........................: YN98.2_Full.theta_2=0.226401
Parameter found........................: YN98.2_Full.theta1_2=0.535865
Parameter found........................: YN98.2_Full.theta2_2=0.328229
Parameter found........................: YN98.3_Full.theta_2=0.137244
Parameter found........................: YN98.3_Full.theta1_2=0.480732
Parameter found........................: YN98.3_Full.theta2_2=0.487103
Model2 is associated to................: 3 node(s).
Distribution...........................: Gamma
Number of classes......................: 5
Parameter found........................: Gamma.alpha=1.05566
- Category 0 (Pr = 0.2) rate...........: 0.117297
- Category 1 (Pr = 0.2) rate...........: 0.376264
- Category 2 (Pr = 0.2) rate...........: 0.714157
- Category 3 (Pr = 0.2) rate...........: 1.22654
- Category 4 (Pr = 0.2) rate...........: 2.56574
Rate distribution......................: Gamma
Number of classes......................: 5
Log-Likelihood.........................: -33737.4
Substitution Register..................: DnDs
  * Count type 1.......................: dS
  * Count type 2.......................: dN
null Parameter YN98.omega*.............: 1
WARNING!!! Parameter test.global not specified. Default used instead: 0
WARNING!!! Parameter test.branch not specified. Default used instead: 0
Output counts of type 1 to file........: /home/saurabh/Softwares/selection/mapnh/Buchnera7a/Buchnera7a_simulations/Buchnera7a_seq_simul_eBranchesLonger_eOmegaEq_eGCLess.fa.counts_dS.dnd
Output counts of type 2 to file........: /home/saurabh/Softwares/selection/mapnh/Buchnera7a/Buchnera7a_simulations/Buchnera7a_seq_simul_eBranchesLonger_eOmegaEq_eGCLess.fa.counts_dN.dnd
MapNH's done. Bye.
Total execution time: 0.000000d, 0.000000h, 1.000000m, 1.000000s.
