******************************************************************
*                     Map NH, version 1.1.1                      *
* Authors: J. Dutheil                       Created on  09/12/10 *
*          B. Boussau                       Modif. 17/12/11      *
*          L. Guéguen                       Last Modif. 24/11/14 *
******************************************************************

Parsing options:
Parsing file /home/saurabh/Softwares/selection/mapnh/Buchnera7a/Buchnera7a_simulations/map_dNdS_per_branch_Buchnera7a_simul.bpp for options.
Parsing file /home/saurabh/Softwares/selection/mapnh/Buchnera7a/Buchnera7a_simulations/Buchnera7a_seq_simul_eBranchesLonger_eOmegaSmaller_eGCLess.params for options.
Alphabet type .........................: Codon(letter=DNA)
Genetic Code...........................: Standard
Sequence file .........................: /home/saurabh/Softwares/selection/mapnh/Buchnera7a/Buchnera7a_simulations/Buchnera7a_seq_simul_eBranchesLonger_eOmegaSmaller_eGCLess.fa
Sequence format .......................: FASTA file
Sites to use...........................: all
Remove Stop Codons.....................: no
Number of sequences....................: 7
Number of sites........................: 2000
Input tree file .......................: /home/saurabh/Softwares/selection/mapnh/Buchnera7a/Buchnera7a_simulations/Buchnera7a_seq_simul_eBranchesLonger_eOmegaSmaller_eGCLess.dnd
Input tree format .....................: Newick
Number of leaves.......................: 7
WARNING!!! Parameter output.tree_with_id.file not specified. Default used instead: none
Heterogeneous model....................: general
Number of distinct models..............: 2
StopCodon frequencies distribution ....: quadratic
StopCodon frequencies distribution ....: quadratic
Parameter found........................: 1_Full.theta=0.606558
Parameter found........................: 1_Full.theta1=0.600102
Parameter found........................: 1_Full.theta2=0.597286
Parameter found........................: 2_Full.theta=0.393907
Parameter found........................: 2_Full.theta1=0.46931
Parameter found........................: 2_Full.theta2=0.479107
Parameter found........................: 3_Full.theta=0.700087
Parameter found........................: 3_Full.theta1=0.416095
Parameter found........................: 3_Full.theta2=0.502961
Root frequencies ......................: F3X4
Stationarity assumed...................: no
StopCodon frequencies distribution ....: quadratic
Substitution model.....................: YN98
Frequencies Initialization for model...: None
Parameter found........................: YN98.kappa_1=2.07174
Parameter found........................: YN98.omega_1=0.045691
Parameter found........................: YN98.1_Full.theta_1=0.501543
Parameter found........................: YN98.1_Full.theta1_1=0.623698
Parameter found........................: YN98.1_Full.theta2_1=0.592572
Parameter found........................: YN98.2_Full.theta_1=0.436246
Parameter found........................: YN98.2_Full.theta1_1=0.534292
Parameter found........................: YN98.2_Full.theta2_1=0.393843
Parameter found........................: YN98.3_Full.theta_1=0.575366
Parameter found........................: YN98.3_Full.theta1_1=0.375284
Parameter found........................: YN98.3_Full.theta2_1=0.458165
Model1 is associated to................: 9 node(s).
StopCodon frequencies distribution ....: quadratic
Substitution model.....................: YN98
Frequencies Initialization for model...: None
Parameter found........................: YN98.kappa_2=2.60834
Parameter found........................: YN98.omega_2=0.00452572
Parameter found........................: YN98.1_Full.theta_2=0.247213
Parameter found........................: YN98.1_Full.theta1_2=0.602239
Parameter found........................: YN98.1_Full.theta2_2=0.550479
Parameter found........................: YN98.2_Full.theta_2=0.24346
Parameter found........................: YN98.2_Full.theta1_2=0.526732
Parameter found........................: YN98.2_Full.theta2_2=0.374721
Parameter found........................: YN98.3_Full.theta_2=0.125678
Parameter found........................: YN98.3_Full.theta1_2=0.467805
Parameter found........................: YN98.3_Full.theta2_2=0.489512
Model2 is associated to................: 3 node(s).
Distribution...........................: Gamma
Number of classes......................: 5
Parameter found........................: Gamma.alpha=1.02101
- Category 0 (Pr = 0.2) rate...........: 0.11117
- Category 1 (Pr = 0.2) rate...........: 0.366322
- Category 2 (Pr = 0.2) rate...........: 0.705439
- Category 3 (Pr = 0.2) rate...........: 1.22452
- Category 4 (Pr = 0.2) rate...........: 2.59255
Rate distribution......................: Gamma
Number of classes......................: 5
Log-Likelihood.........................: -32478.9
Substitution Register..................: DnDs
  * Count type 1.......................: dS
  * Count type 2.......................: dN
null Parameter YN98.omega*.............: 1
WARNING!!! Parameter test.global not specified. Default used instead: 0
WARNING!!! Parameter test.branch not specified. Default used instead: 0
Output counts of type 1 to file........: /home/saurabh/Softwares/selection/mapnh/Buchnera7a/Buchnera7a_simulations/Buchnera7a_seq_simul_eBranchesLonger_eOmegaSmaller_eGCLess.fa.counts_dS.dnd
Output counts of type 2 to file........: /home/saurabh/Softwares/selection/mapnh/Buchnera7a/Buchnera7a_simulations/Buchnera7a_seq_simul_eBranchesLonger_eOmegaSmaller_eGCLess.fa.counts_dN.dnd
MapNH's done. Bye.
Total execution time: 0.000000d, 0.000000h, 1.000000m, 15.000000s.
