YN00 in paml version 4.9f, October 2017

Reading options from Buchnera7a_yn00_unEq_weights_simul_eBranchesEq_eOmegaSmaller_eGCLess.ctl..


processing fasta file
reading seq# 1 GCF_000147055.1_ASM14705v1                            6000 sites
reading seq# 2 GCF_000005845.2_ASM584v2                              6000 sites
reading seq# 3 GCF_000018045.1_ASM1804v1                             6000 sites
reading seq# 4 GCF_000025405.2_ASM2540v1                             6000 sites
reading seq# 5 GCF_000026185.1_ASM2618v1                             6000 sites
reading seq# 6 GCF_000828515.1_ASM82851v1                            6000 sites
reading seq# 7 GCF_000007365.1_ASM736v1                              6000 sitesns = 7  	ls = 6000
Reading sequences, sequential format..
Counting site patterns..  0:00
Compressing,   1666 patterns at   2000 /   2000 sites (100.0%),  0:00
Collecting fpatt[] & pose[],   1666 patterns at   2000 /   2000 sites (100.0%),  0:00


(A) Nei-Gojobori (1986) method



(B) Yang & Nielsen (2000) method

kappa = 2.23

  2 vs.   1
  3 vs.   1
  3 vs.   2
  4 vs.   1
  4 vs.   2
  4 vs.   3
  5 vs.   1
  5 vs.   2
  5 vs.   3
  5 vs.   4
  6 vs.   1
  6 vs.   2
  6 vs.   3
  6 vs.   4
  6 vs.   5
  7 vs.   1
  7 vs.   2
  7 vs.   3
  7 vs.   4
  7 vs.   5
  7 vs.   6


(C) LWL85, LPB93 & LWLm methods

   1   2   3   4   5   6   7

Time used:  0:00
